2025-08-16 18:35:00,343 - INFO - Loaded 0 records from database
2025-08-16 18:35:00,343 - INFO - Generating sample data for demonstration
2025-08-16 18:35:01,063 - INFO - Generated 6720 sample records
2025-08-16 18:35:01,603 - INFO - Saved 6720 records to database
2025-08-16 18:35:01,731 - INFO - Loaded 6720 records from database
2025-08-16 18:35:03,120 - ERROR - Dashboard error: 'Figure' object has no attribute 'update_xaxis'
2025-08-16 18:35:09,683 - INFO - Loaded 6720 records from database
2025-08-16 18:35:09,725 - INFO - Loaded 6720 records from database
2025-08-16 18:35:09,853 - INFO - Loaded 6720 records from database
2025-08-16 18:35:09,863 - INFO - Loaded 6720 records from database
2025-08-16 18:35:11,752 - ERROR - Dashboard error: 'Figure' object has no attribute 'update_xaxis'
2025-08-16 18:35:11,765 - ERROR - Dashboard error: 'Figure' object has no attribute 'update_xaxis'
2025-08-16 18:35:12,026 - INFO - Loaded 6720 records from database
2025-08-16 18:35:12,116 - INFO - Loaded 6720 records from database
2025-08-16 18:35:12,766 - ERROR - Dashboard error: 'Figure' object has no attribute 'update_xaxis'
2025-08-16 18:35:19,385 - INFO - Loaded 6720 records from database
2025-08-16 18:35:19,468 - INFO - Loaded 6720 records from database
2025-08-16 18:35:19,540 - INFO - Loaded 6720 records from database
2025-08-16 18:35:19,615 - INFO - Loaded 6720 records from database
2025-08-16 18:35:21,365 - ERROR - Dashboard error: 'Figure' object has no attribute 'update_xaxis'
2025-08-16 18:35:21,526 - ERROR - Dashboard error: 'Figure' object has no attribute 'update_xaxis'
2025-08-16 18:41:35,135 - INFO - Loaded 6720 records from database
2025-08-16 18:41:35,186 - INFO - Loaded 6720 records from database
2025-08-16 18:41:35,889 - ERROR - Dashboard error: 'Figure' object has no attribute 'update_xaxis'
2025-08-16 18:41:50,821 - INFO - Scraping data for state: None, year: None
2025-08-16 18:42:06,373 - INFO - Loaded 6720 records from database
2025-08-16 18:42:06,426 - INFO - Loaded 6720 records from database
2025-08-16 18:42:19,475 - INFO - Loaded 6720 records from database
2025-08-16 18:42:19,550 - INFO - Loaded 6720 records from database
2025-08-16 18:42:20,524 - ERROR - Dashboard error: 'Figure' object has no attribute 'update_xaxis'
2025-08-16 18:42:20,678 - INFO - Loaded 6720 records from database
2025-08-16 18:42:20,773 - INFO - Loaded 6720 records from database
2025-08-16 18:42:24,434 - INFO - Loaded 6720 records from database
2025-08-16 18:42:24,508 - INFO - Loaded 6720 records from database
2025-08-16 18:42:26,463 - INFO - Loaded 6720 records from database
2025-08-16 18:42:26,532 - INFO - Loaded 6720 records from database
2025-08-16 18:42:38,124 - ERROR - Error scraping data: Message: 
Stacktrace:
	GetHandleVerifier [0x0x7ff782e76b25+79621]
	GetHandleVerifier [0x0x7ff782e76b80+79712]
	(No symbol) [0x0x7ff782c0c0ea]
	(No symbol) [0x0x7ff782c62f56]
	(No symbol) [0x0x7ff782c6320c]
	(No symbol) [0x0x7ff782cb65b7]
	(No symbol) [0x0x7ff782c8b17f]
	(No symbol) [0x0x7ff782cb33d0]
	(No symbol) [0x0x7ff782c8af13]
	(No symbol) [0x0x7ff782c54151]
	(No symbol) [0x0x7ff782c54ee3]
	GetHandleVerifier [0x0x7ff78313683d+2962461]
	GetHandleVerifier [0x0x7ff783130b5d+2938685]
	GetHandleVerifier [0x0x7ff78314f71d+3064573]
	GetHandleVerifier [0x0x7ff782e90c6e+186446]
	GetHandleVerifier [0x0x7ff782e98a3f+218655]
	GetHandleVerifier [0x0x7ff782e7f914+115956]
	GetHandleVerifier [0x0x7ff782e7fac9+116393]
	GetHandleVerifier [0x0x7ff782e65ef8+10968]
	BaseThreadInitThunk [0x0x7ffe6d7c7374+20]
	RtlUserThreadStart [0x0x7ffe6f7dcc91+33]

2025-08-16 18:42:38,129 - INFO - Generating sample data for demonstration
2025-08-16 18:42:38,400 - INFO - Generated 6720 sample records
2025-08-16 18:42:38,757 - INFO - Saved 6720 records to database
2025-08-16 18:42:38,818 - INFO - Loaded 6720 records from database
2025-08-16 18:42:38,882 - INFO - Loaded 6720 records from database
2025-08-16 18:42:39,556 - ERROR - Dashboard error: 'Figure' object has no attribute 'update_xaxis'
2025-08-16 18:54:21,298 - INFO - Loaded 6720 records from database
2025-08-16 18:54:21,391 - INFO - Loaded 6720 records from database
2025-08-16 18:54:22,799 - ERROR - Dashboard error: 'state'
2025-08-16 18:54:23,456 - INFO - Loaded 6720 records from database
2025-08-16 18:54:23,535 - INFO - Loaded 6720 records from database
2025-08-16 18:54:25,701 - INFO - Loaded 6720 records from database
2025-08-16 18:54:25,776 - INFO - Loaded 6720 records from database
2025-08-16 18:54:29,349 - INFO - Loaded 6720 records from database
2025-08-16 18:54:29,398 - INFO - Loaded 6720 records from database
2025-08-16 18:55:06,343 - INFO - Loaded 6720 records from database
2025-08-16 18:55:06,394 - INFO - Loaded 6720 records from database
2025-08-16 18:55:11,340 - INFO - Loaded 6720 records from database
2025-08-16 18:55:11,387 - INFO - Loaded 6720 records from database
2025-08-16 18:55:12,074 - ERROR - Dashboard error: 'state'
2025-08-16 19:02:15,539 - INFO - Loaded 6720 records from database
2025-08-16 19:02:15,602 - INFO - Loaded 6720 records from database
2025-08-16 19:02:23,860 - INFO - Scraping data for state: None, year: None
2025-08-16 19:02:30,348 - INFO - Loaded 6720 records from database
2025-08-16 19:02:30,402 - INFO - Loaded 6720 records from database
2025-08-16 19:02:35,457 - INFO - Loaded 6720 records from database
2025-08-16 19:02:35,541 - INFO - Loaded 6720 records from database
2025-08-16 19:02:38,392 - INFO - Loaded 6720 records from database
2025-08-16 19:02:38,440 - INFO - Loaded 6720 records from database
2025-08-16 19:02:42,377 - INFO - Loaded 6720 records from database
2025-08-16 19:02:42,437 - INFO - Loaded 6720 records from database
2025-08-16 19:02:44,442 - INFO - Loaded 6720 records from database
2025-08-16 19:02:44,499 - INFO - Loaded 6720 records from database
2025-08-16 19:02:57,314 - ERROR - Error scraping data: Message: 
Stacktrace:
	GetHandleVerifier [0x0x7ff782e76b25+79621]
	GetHandleVerifier [0x0x7ff782e76b80+79712]
	(No symbol) [0x0x7ff782c0c0ea]
	(No symbol) [0x0x7ff782c62f56]
	(No symbol) [0x0x7ff782c6320c]
	(No symbol) [0x0x7ff782cb65b7]
	(No symbol) [0x0x7ff782c8b17f]
	(No symbol) [0x0x7ff782cb33d0]
	(No symbol) [0x0x7ff782c8af13]
	(No symbol) [0x0x7ff782c54151]
	(No symbol) [0x0x7ff782c54ee3]
	GetHandleVerifier [0x0x7ff78313683d+2962461]
	GetHandleVerifier [0x0x7ff783130b5d+2938685]
	GetHandleVerifier [0x0x7ff78314f71d+3064573]
	GetHandleVerifier [0x0x7ff782e90c6e+186446]
	GetHandleVerifier [0x0x7ff782e98a3f+218655]
	GetHandleVerifier [0x0x7ff782e7f914+115956]
	GetHandleVerifier [0x0x7ff782e7fac9+116393]
	GetHandleVerifier [0x0x7ff782e65ef8+10968]
	BaseThreadInitThunk [0x0x7ffe6d7c7374+20]
	RtlUserThreadStart [0x0x7ffe6f7dcc91+33]

2025-08-16 19:02:57,315 - INFO - Generating sample data for demonstration
2025-08-16 19:02:57,560 - INFO - Generated 6720 sample records
2025-08-16 19:02:58,004 - INFO - Saved 6720 records to database
2025-08-16 19:02:58,053 - INFO - Loaded 6720 records from database
2025-08-16 19:02:58,125 - INFO - Loaded 6720 records from database
2025-08-16 19:28:06,372 - INFO - Loaded 6720 records from database
2025-08-16 19:28:06,421 - INFO - Loaded 6720 records from database
2025-08-16 19:28:12,351 - INFO - Loaded 6720 records from database
2025-08-16 19:28:12,399 - INFO - Loaded 6720 records from database
2025-08-16 19:28:17,402 - INFO - Loaded 6720 records from database
2025-08-16 19:28:17,458 - INFO - Loaded 6720 records from database
2025-08-16 19:28:22,324 - INFO - Loaded 6720 records from database
2025-08-16 19:28:22,378 - INFO - Loaded 6720 records from database
2025-08-16 19:28:27,425 - INFO - Loaded 6720 records from database
2025-08-16 19:28:27,485 - INFO - Loaded 6720 records from database
2025-08-16 19:29:02,418 - INFO - Loaded 6720 records from database
2025-08-16 19:29:02,474 - INFO - Loaded 6720 records from database
2025-08-16 19:46:01,200 - INFO - Loaded 6720 records from database
2025-08-16 19:46:01,270 - INFO - Loaded 6720 records from database
2025-08-16 19:46:09,734 - INFO - Scraping data for state: None, year: None
2025-08-16 19:46:49,673 - ERROR - Error scraping data: Message: 
Stacktrace:
	GetHandleVerifier [0x0x7ff782e76b25+79621]
	GetHandleVerifier [0x0x7ff782e76b80+79712]
	(No symbol) [0x0x7ff782c0c0ea]
	(No symbol) [0x0x7ff782c62f56]
	(No symbol) [0x0x7ff782c6320c]
	(No symbol) [0x0x7ff782cb65b7]
	(No symbol) [0x0x7ff782c8b17f]
	(No symbol) [0x0x7ff782cb33d0]
	(No symbol) [0x0x7ff782c8af13]
	(No symbol) [0x0x7ff782c54151]
	(No symbol) [0x0x7ff782c54ee3]
	GetHandleVerifier [0x0x7ff78313683d+2962461]
	GetHandleVerifier [0x0x7ff783130b5d+2938685]
	GetHandleVerifier [0x0x7ff78314f71d+3064573]
	GetHandleVerifier [0x0x7ff782e90c6e+186446]
	GetHandleVerifier [0x0x7ff782e98a3f+218655]
	GetHandleVerifier [0x0x7ff782e7f914+115956]
	GetHandleVerifier [0x0x7ff782e7fac9+116393]
	GetHandleVerifier [0x0x7ff782e65ef8+10968]
	BaseThreadInitThunk [0x0x7ffe6d7c7374+20]
	RtlUserThreadStart [0x0x7ffe6f7dcc91+33]

2025-08-16 19:46:49,674 - INFO - Generating sample data for demonstration
2025-08-16 19:46:49,976 - INFO - Generated 6720 sample records
2025-08-16 19:46:50,290 - INFO - Saved 6720 records to database
2025-08-16 19:46:50,345 - INFO - Loaded 6720 records from database
2025-08-16 19:46:50,418 - INFO - Loaded 6720 records from database
2025-08-16 19:55:35,540 - INFO - Loaded 6720 records from database
2025-08-16 19:55:35,596 - INFO - Loaded 6720 records from database
2025-08-16 19:56:50,159 - INFO - Loaded 6720 records from database
2025-08-16 19:56:50,209 - INFO - Loaded 6720 records from database
2025-08-16 19:56:51,577 - ERROR - Dashboard error: 'DashboardUI' object has no attribute 'render_geographic_analysis'
2025-08-16 20:16:55,748 - INFO - Loaded 6720 records from database
2025-08-16 20:16:55,799 - INFO - Loaded 6720 records from database
